Arguments: 
  /Users/alieray/.nvm/versions/node/v16.18.1/bin/node /Users/alieray/.yarn/bin/yarn.js

PATH: 
  /Users/alieray/.nvm/versions/node/v16.18.1/bin:/Users/alieray/.nvm/versions/node/v16.8.0/bin:/Users/alieray/.nvm/versions/node/v16.0.0/bin:/Users/alieray/.nvm/versions/node/v18.15.0/bin:/Users/alieray/.yarn/bin:/Users/alieray/.config/yarn/global/node_modules/.bin:/opt/homebrew/bin:/opt/homebrew/sbin:/Library/Frameworks/Python.framework/Versions/3.10/bin:/Library/Frameworks/Python.framework/Versions/3.11/bin:/usr/local/bin:/System/Cryptexes/App/usr/bin:/usr/bin:/bin:/usr/sbin:/sbin:/opt/X11/bin:/Users/alieray/.nvm/versions/node/v18.15.0/bin:/Users/alieray/.yarn/bin:/Users/alieray/.config/yarn/global/node_modules/.bin:/opt/homebrew/bin:/opt/homebrew/sbin:/Library/Frameworks/Python.framework/Versions/3.10/bin:/Library/Frameworks/Python.framework/Versions/3.11/bin:/Users/alieray/.cargo/bin

Yarn version: 
  1.22.19

Node version: 
  16.18.1

Platform: 
  darwin arm64

Trace: 
  SyntaxError: /Users/alieray/Desktop/hh-fcc/Smart-Contract-Lottery/package.json: Unexpected end of JSON input
      at JSON.parse (<anonymous>)
      at /Users/alieray/.yarn/lib/cli.js:1629:59
      at Generator.next (<anonymous>)
      at step (/Users/alieray/.yarn/lib/cli.js:310:30)
      at /Users/alieray/.yarn/lib/cli.js:321:13

npm manifest: 
  

yarn manifest: 
  No manifest

Lockfile: 
  No lockfile
